0 info it worked if it ends with ok
1 verbose cli [ '/usr/local/bin/node',
1 verbose cli   '/usr/local/bin/npm',
1 verbose cli   'install',
1 verbose cli   'jekyll',
1 verbose cli   '-g' ]
2 info using npm@1.3.25
3 info using node@v0.11.11
4 verbose cache add [ 'jekyll', null ]
5 verbose cache add name=undefined spec="jekyll" args=["jekyll",null]
6 verbose parsed url { protocol: null,
6 verbose parsed url   slashes: null,
6 verbose parsed url   auth: null,
6 verbose parsed url   host: null,
6 verbose parsed url   port: null,
6 verbose parsed url   hostname: null,
6 verbose parsed url   hash: null,
6 verbose parsed url   search: null,
6 verbose parsed url   query: null,
6 verbose parsed url   pathname: 'jekyll',
6 verbose parsed url   path: 'jekyll',
6 verbose parsed url   href: 'jekyll' }
7 silly lockFile bfc0b666-jekyll jekyll
8 verbose lock jekyll /home/hankewins/.npm/bfc0b666-jekyll.lock
9 silly lockFile bfc0b666-jekyll jekyll
10 silly lockFile bfc0b666-jekyll jekyll
11 verbose addNamed [ 'jekyll', '' ]
12 verbose addNamed [ null, '*' ]
13 silly lockFile c8fd568e-jekyll jekyll@
14 verbose lock jekyll@ /home/hankewins/.npm/c8fd568e-jekyll.lock
15 silly addNameRange { name: 'jekyll', range: '*', hasData: false }
16 verbose url raw jekyll
17 verbose url resolving [ 'https://registry.npmjs.org/', './jekyll' ]
18 verbose url resolved https://registry.npmjs.org/jekyll
19 info trying registry request attempt 1 at 22:04:25
20 http GET https://registry.npmjs.org/jekyll
21 http 404 https://registry.npmjs.org/jekyll
22 silly registry.get cb [ 404,
22 silly registry.get   { date: 'Sat, 26 Apr 2014 14:04:26 GMT',
22 silly registry.get     server: 'CouchDB/1.5.0 (Erlang OTP/R14B04)',
22 silly registry.get     'content-type': 'application/json',
22 silly registry.get     via: '1.1 varnish, 1.1 varnish',
22 silly registry.get     'cache-control': 'max-age=0',
22 silly registry.get     'content-length': '52',
22 silly registry.get     'accept-ranges': 'bytes',
22 silly registry.get     age: '0',
22 silly registry.get     'x-served-by': 'cache-v36-ASH, cache-ty66-TYO',
22 silly registry.get     'x-cache': 'MISS, MISS',
22 silly registry.get     'x-cache-hits': '0, 0',
22 silly registry.get     'x-timer': 'S1398521066.479161978,VS0,VS84,VE96,VE187',
22 silly registry.get     connection: 'close' } ]
23 silly lockFile c8fd568e-jekyll jekyll@
24 silly lockFile c8fd568e-jekyll jekyll@
25 error 404 'jekyll' is not in the npm registry.
25 error 404 You should bug the author to publish it
25 error 404
25 error 404 Note that you can also install from a
25 error 404 tarball, folder, or http url, or git url.
26 error System Linux 3.2.0-60-generic
27 error command "/usr/local/bin/node" "/usr/local/bin/npm" "install" "jekyll" "-g"
28 error cwd /home/hankewins/www/hankewins/hankewins-blog/rammus
29 error node -v v0.11.11
30 error npm -v 1.3.25
31 error code E404
32 verbose exit [ 1, true ]
